SF:lib/domain/usecases/search_tv_series.dart
DA:9,1
DA:11,1
DA:12,2
LF:3
LH:3
end_of_record
SF:lib/domain/usecases/search_movies.dart
DA:9,1
DA:11,1
DA:12,2
LF:3
LH:3
end_of_record
SF:lib/presentation/bloc/movie/search_state.dart
DA:4,2
DA:6,1
DA:7,1
DA:11,0
DA:12,0
DA:22,2
DA:24,1
DA:25,2
DA:31,1
DA:33,1
DA:34,2
LF:11
LH:9
end_of_record
SF:lib/presentation/bloc/movie/search_event.dart
DA:4,1
DA:6,0
DA:7,0
DA:13,1
DA:15,0
DA:16,0
LF:6
LH:2
end_of_record
SF:lib/presentation/bloc/movie/search_bloc.dart
DA:13,3
DA:14,1
DA:15,1
DA:16,1
DA:18,2
DA:20,2
DA:22,5
DA:23,3
DA:25,1
DA:30,1
DA:31,3
LF:11
LH:11
end_of_record
SF:lib/presentation/bloc/tv/search_event.dart
DA:4,1
DA:6,0
DA:7,0
DA:13,1
DA:15,0
DA:16,0
LF:6
LH:2
end_of_record
SF:lib/presentation/bloc/tv/search_state.dart
DA:4,2
DA:6,1
DA:7,1
DA:11,0
DA:12,0
DA:22,2
DA:24,1
DA:25,2
DA:31,1
DA:33,1
DA:34,2
LF:11
LH:9
end_of_record
SF:lib/presentation/bloc/tv/search_bloc.dart
DA:13,3
DA:14,1
DA:15,1
DA:16,1
DA:18,2
DA:20,2
DA:22,5
DA:23,3
DA:25,1
DA:30,1
DA:31,3
LF:11
LH:11
end_of_record
