SF:lib/data/datasources/movie/movie_local_data_source.dart
DA:17,1
DA:19,1
DA:22,2
DA:25,2
DA:29,1
DA:32,2
DA:35,2
DA:39,1
DA:41,2
DA:43,1
DA:49,1
DA:51,2
DA:52,4
DA:55,1
DA:57,2
DA:58,2
DA:61,1
DA:63,2
DA:64,1
DA:65,4
DA:67,1
LF:21
LH:21
end_of_record
SF:lib/data/models/movie/movie_table.dart
DA:12,12
DA:19,2
DA:20,1
DA:21,1
DA:22,1
DA:23,1
DA:26,2
DA:27,1
DA:28,1
DA:29,1
DA:30,1
DA:33,2
DA:34,1
DA:35,1
DA:36,1
DA:37,1
DA:40,0
DA:41,0
DA:42,0
DA:43,0
DA:44,0
DA:47,2
DA:48,1
DA:49,1
DA:50,1
DA:51,1
DA:54,2
DA:55,10
LF:28
LH:23
end_of_record
SF:lib/domain/entities/genre.dart
DA:4,24
DA:12,4
DA:13,12
LF:3
LH:3
end_of_record
SF:lib/domain/entities/movie/movie.dart
DA:6,8
DA:22,1
DA:43,3
DA:44,3
DA:45,3
DA:46,3
DA:47,3
DA:48,3
DA:49,3
DA:50,3
DA:51,3
DA:52,3
DA:53,3
DA:54,3
DA:55,3
DA:56,3
DA:57,3
LF:17
LH:17
end_of_record
SF:lib/domain/entities/movie/movie_detail.dart
DA:5,12
DA:33,2
DA:34,2
DA:35,2
DA:36,2
DA:37,2
DA:38,2
DA:39,2
DA:40,2
DA:41,2
DA:42,2
DA:43,2
DA:44,2
DA:45,2
LF:14
LH:14
end_of_record
SF:lib/common/network_info.dart
DA:10,0
DA:12,0
DA:13,0
LF:3
LH:0
end_of_record
SF:lib/data/datasources/db/database_helper.dart
DA:9,0
DA:13,0
DA:17,0
DA:18,0
DA:25,0
DA:26,0
DA:27,0
DA:29,0
DA:32,0
DA:33,0
DA:38,0
DA:39,0
DA:46,0
DA:47,0
DA:55,0
DA:58,0
DA:60,0
DA:61,0
DA:62,0
DA:63,0
DA:64,0
DA:65,0
DA:70,0
DA:71,0
DA:72,0
DA:75,0
DA:81,0
DA:82,0
DA:83,0
DA:86,0
DA:90,0
DA:91,0
DA:92,0
DA:95,0
DA:96,0
DA:97,0
DA:100,0
DA:104,0
DA:105,0
DA:106,0
DA:109,0
DA:112,0
DA:113,0
DA:119,0
DA:120,0
DA:121,0
DA:127,0
DA:128,0
DA:129,0
DA:131,0
DA:133,0
DA:135,0
LF:52
LH:0
end_of_record
SF:lib/data/datasources/movie/movie_remote_data_source.dart
DA:22,1
DA:24,1
DA:27,4
DA:29,2
DA:30,4
DA:32,1
DA:36,1
DA:38,4
DA:40,2
DA:41,3
DA:43,1
DA:47,1
DA:49,1
DA:50,3
DA:52,2
DA:53,4
DA:55,1
DA:59,1
DA:62,4
DA:64,2
DA:65,4
DA:67,1
DA:71,1
DA:74,4
DA:76,2
DA:77,4
DA:79,1
DA:83,1
DA:85,1
DA:86,3
DA:88,2
DA:89,4
DA:91,1
LF:33
LH:33
end_of_record
SF:lib/data/models/movie/movie_detail_model.dart
DA:6,2
DA:52,1
DA:53,1
DA:54,1
DA:55,1
DA:56,1
DA:57,1
DA:58,4
DA:59,1
DA:60,1
DA:61,1
DA:62,1
DA:63,1
DA:64,1
DA:65,2
DA:66,1
DA:67,1
DA:68,1
DA:69,1
DA:70,1
DA:71,1
DA:72,1
DA:73,1
DA:74,2
DA:75,1
DA:78,0
DA:79,0
DA:80,0
DA:81,0
DA:82,0
DA:83,0
DA:84,0
DA:85,0
DA:86,0
DA:87,0
DA:88,0
DA:89,0
DA:90,0
DA:91,0
DA:92,0
DA:93,0
DA:94,0
DA:95,0
DA:96,0
DA:97,0
DA:98,0
DA:99,0
DA:102,1
DA:103,1
DA:104,1
DA:105,1
DA:106,5
DA:107,1
DA:108,1
DA:109,1
DA:110,1
DA:111,1
DA:112,1
DA:113,1
DA:114,1
DA:115,1
DA:119,1
DA:120,1
DA:121,1
DA:122,1
DA:123,1
DA:124,1
DA:125,1
DA:126,1
DA:127,1
DA:128,1
DA:129,1
DA:130,1
DA:131,1
DA:132,1
DA:133,1
DA:134,1
DA:135,1
DA:136,1
DA:137,1
DA:138,1
DA:139,1
DA:140,1
DA:141,1
LF:84
LH:62
end_of_record
SF:lib/data/models/movie/movie_model.dart
DA:5,5
DA:35,4
DA:36,2
DA:37,2
DA:38,8
DA:39,2
DA:40,2
DA:41,2
DA:42,4
DA:43,2
DA:44,2
DA:45,2
DA:46,2
DA:47,4
DA:48,2
DA:51,2
DA:52,1
DA:53,1
DA:54,4
DA:55,1
DA:56,1
DA:57,1
DA:58,1
DA:59,1
DA:60,1
DA:61,1
DA:62,1
DA:63,1
DA:64,1
DA:67,2
DA:68,2
DA:69,2
DA:70,2
DA:71,2
DA:72,2
DA:73,2
DA:74,2
DA:75,2
DA:76,2
DA:77,2
DA:78,2
DA:79,2
DA:80,2
DA:81,2
DA:85,2
DA:86,2
DA:87,2
DA:88,2
DA:89,2
DA:90,2
DA:91,2
DA:92,2
DA:93,2
DA:94,2
DA:95,2
DA:96,2
DA:97,2
DA:98,2
DA:99,2
LF:59
LH:59
end_of_record
SF:lib/styles/text_styles.dart
DA:5,4
DA:6,2
DA:7,24
DA:9,0
DA:11,0
DA:15,0
DA:16,0
DA:17,0
DA:18,0
DA:19,0
LF:10
LH:3
end_of_record
SF:lib/utils/exception.dart
DA:6,4
DA:12,4
LF:2
LH:2
end_of_record
SF:lib/utils/failure.dart
DA:6,8
DA:8,2
DA:9,4
DA:13,6
DA:17,4
DA:21,6
DA:25,6
LF:7
LH:7
end_of_record
SF:lib/data/models/movie/movie_response.dart
DA:7,3
DA:9,4
DA:10,4
DA:11,6
DA:12,6
DA:15,2
DA:16,5
DA:19,1
DA:20,2
LF:9
LH:9
end_of_record
SF:lib/data/models/genre_model.dart
DA:5,4
DA:13,4
DA:14,2
DA:15,2
DA:18,0
DA:19,0
DA:20,0
DA:23,2
DA:24,6
DA:27,2
DA:28,6
LF:11
LH:8
end_of_record
SF:lib/data/datasources/tv_series/tv_series_remote_data_source.dart
DA:22,2
DA:24,2
DA:27,8
DA:29,4
DA:30,8
DA:32,1
DA:36,1
DA:38,4
DA:40,2
DA:41,4
DA:43,1
DA:47,1
DA:50,4
DA:52,2
DA:53,4
DA:55,1
DA:59,1
DA:61,4
DA:63,2
DA:64,3
DA:66,1
DA:70,1
DA:73,4
DA:75,2
DA:76,4
DA:78,1
DA:82,1
DA:85,4
DA:87,2
DA:88,4
DA:90,1
LF:31
LH:31
end_of_record
SF:lib/data/models/tv_series/tv_series_detail_model.dart
DA:6,2
DA:58,2
DA:59,1
DA:60,1
DA:62,4
DA:63,2
DA:64,1
DA:65,4
DA:66,1
DA:67,1
DA:68,1
DA:69,4
DA:70,2
DA:71,1
DA:72,1
DA:73,1
DA:74,4
DA:75,1
DA:76,1
DA:77,1
DA:78,2
DA:79,1
DA:80,1
DA:81,1
DA:82,1
DA:83,2
DA:84,1
DA:87,1
DA:88,1
DA:89,1
DA:90,1
DA:91,1
DA:92,1
DA:93,5
DA:94,1
DA:95,1
DA:96,1
DA:97,1
DA:98,1
DA:99,1
DA:100,1
DA:101,1
DA:102,1
DA:103,1
DA:104,1
DA:105,1
DA:106,1
DA:107,1
DA:108,1
DA:109,1
DA:110,1
DA:111,1
DA:112,1
DA:116,0
DA:117,0
DA:118,0
DA:119,0
DA:121,0
DA:122,0
DA:123,0
DA:124,0
DA:125,0
DA:126,0
DA:128,0
DA:129,0
DA:130,0
DA:131,0
DA:132,0
DA:133,0
DA:134,0
DA:135,0
DA:136,0
DA:137,0
DA:138,0
DA:139,0
DA:140,0
DA:141,0
DA:142,0
DA:145,1
DA:146,1
DA:147,1
DA:148,1
DA:149,1
DA:150,1
DA:151,1
DA:152,1
DA:153,1
DA:154,1
DA:155,1
DA:156,1
DA:157,1
DA:158,1
DA:159,1
DA:160,1
DA:161,1
DA:162,1
DA:163,1
DA:164,1
DA:165,1
DA:166,1
DA:167,1
DA:168,1
DA:169,1
DA:170,1
LF:104
LH:79
end_of_record
SF:lib/data/models/tv_series/tv_series_response.dart
DA:7,4
DA:9,3
DA:10,3
DA:11,6
DA:12,9
DA:13,9
DA:16,2
DA:17,5
DA:20,1
DA:21,2
LF:10
LH:10
end_of_record
SF:lib/data/datasources/db/tv_database_helper.dart
DA:9,0
DA:13,0
DA:14,0
DA:18,0
DA:19,0
DA:26,0
DA:27,0
DA:28,0
DA:30,0
DA:33,0
DA:34,0
DA:39,0
DA:40,0
DA:47,0
DA:48,0
DA:56,0
DA:59,0
DA:61,0
DA:62,0
DA:63,0
DA:64,0
DA:65,0
DA:66,0
DA:71,0
DA:72,0
DA:73,0
DA:76,0
DA:82,0
DA:83,0
DA:84,0
DA:87,0
DA:91,0
DA:92,0
DA:93,0
DA:96,0
DA:97,0
DA:98,0
DA:101,0
DA:105,0
DA:106,0
DA:107,0
DA:110,0
DA:113,0
DA:114,0
DA:120,0
DA:121,0
DA:122,0
DA:128,0
DA:129,0
DA:130,0
DA:132,0
DA:134,0
DA:136,0
LF:53
LH:0
end_of_record
SF:lib/data/datasources/tv_series/tv_series_local_data_source.dart
DA:17,1
DA:19,1
DA:22,2
DA:25,2
DA:29,1
DA:32,2
DA:35,2
DA:39,1
DA:41,2
DA:43,1
DA:49,1
DA:51,2
DA:52,4
DA:55,1
DA:57,2
DA:58,2
DA:61,1
DA:63,2
DA:64,1
DA:65,4
DA:67,1
LF:21
LH:21
end_of_record
SF:lib/data/models/tv_series/tv_series_model.dart
DA:5,6
DA:35,6
DA:36,3
DA:37,3
DA:38,12
DA:39,3
DA:40,3
DA:41,12
DA:42,3
DA:43,3
DA:44,3
DA:45,6
DA:46,3
DA:47,6
DA:48,3
DA:51,2
DA:52,1
DA:53,1
DA:54,4
DA:55,1
DA:56,1
DA:57,4
DA:58,1
DA:59,1
DA:60,1
DA:61,1
DA:62,1
DA:63,1
DA:64,1
DA:67,2
DA:68,2
DA:69,2
DA:70,2
DA:71,2
DA:72,2
DA:73,2
DA:74,2
DA:75,2
DA:76,2
DA:77,2
DA:78,2
DA:79,2
DA:80,2
DA:81,2
DA:85,3
DA:86,3
DA:87,3
DA:88,3
DA:89,3
DA:90,3
DA:91,3
DA:92,3
DA:93,3
DA:94,3
DA:95,3
DA:96,3
DA:97,3
DA:98,3
DA:99,3
LF:59
LH:59
end_of_record
SF:lib/data/models/tv_series/tv_series_table.dart
DA:12,12
DA:19,1
DA:20,1
DA:21,1
DA:22,1
DA:23,1
DA:24,1
DA:27,2
DA:28,1
DA:29,1
DA:30,1
DA:31,1
DA:34,2
DA:35,1
DA:36,1
DA:37,1
DA:38,1
DA:41,0
DA:42,0
DA:43,0
DA:44,0
DA:45,0
DA:48,2
DA:49,1
DA:50,1
DA:51,1
DA:52,1
DA:55,2
DA:56,10
LF:29
LH:24
end_of_record
SF:lib/domain/entities/tv_series/tv_series.dart
DA:6,8
DA:22,1
DA:43,3
DA:44,3
DA:45,3
DA:46,3
DA:47,3
DA:48,3
DA:49,3
DA:50,3
DA:51,3
DA:52,3
DA:53,3
DA:54,3
DA:55,3
DA:56,3
DA:57,3
LF:17
LH:17
end_of_record
SF:lib/domain/entities/tv_series/tv_series_detail.dart
DA:5,6
DA:57,2
DA:58,2
DA:59,2
DA:60,2
DA:61,2
DA:62,2
DA:63,2
DA:64,2
DA:65,2
DA:66,2
DA:67,2
DA:68,2
DA:69,2
DA:70,2
DA:71,2
DA:72,2
DA:73,2
DA:74,2
DA:75,2
DA:76,2
DA:77,2
DA:78,2
DA:79,2
DA:80,2
DA:81,2
DA:82,2
LF:27
LH:27
end_of_record
SF:lib/data/repositories/movie/movie_repository_impl.dart
DA:18,1
DA:24,1
DA:26,2
DA:28,2
DA:29,2
DA:30,4
DA:31,5
DA:32,1
DA:37,2
DA:38,5
DA:39,1
DA:40,3
DA:45,1
DA:48,2
DA:49,2
DA:50,1
DA:52,1
DA:57,1
DA:60,2
DA:61,3
DA:62,1
DA:64,1
DA:69,1
DA:72,2
DA:73,5
DA:74,1
DA:76,1
DA:81,1
DA:84,2
DA:85,5
DA:86,1
DA:88,1
DA:93,1
DA:96,2
DA:97,5
DA:98,1
DA:100,1
DA:105,1
DA:109,3
DA:110,1
DA:111,1
DA:112,3
DA:118,1
DA:122,3
DA:123,1
DA:124,1
DA:125,3
DA:129,1
DA:131,2
DA:135,1
DA:137,2
DA:138,5
LF:52
LH:52
end_of_record
SF:lib/data/repositories/tv_series/tv_series_repository_impl.dart
DA:18,1
DA:24,1
DA:26,2
DA:28,2
DA:29,2
DA:30,4
DA:32,5
DA:33,1
DA:38,2
DA:39,5
DA:40,1
DA:41,3
DA:46,1
DA:49,2
DA:50,5
DA:51,1
DA:53,1
DA:58,1
DA:61,2
DA:62,5
DA:63,1
DA:65,1
DA:70,1
DA:74,2
DA:75,2
DA:76,1
DA:78,1
DA:83,1
DA:87,2
DA:88,3
DA:89,1
DA:91,1
DA:96,1
DA:98,2
DA:99,5
DA:102,1
DA:105,2
DA:106,5
DA:107,1
DA:109,1
DA:114,1
DA:116,2
DA:120,1
DA:124,1
DA:125,2
DA:126,1
DA:127,1
DA:128,3
DA:132,1
DA:136,1
DA:137,2
DA:138,1
DA:139,1
DA:140,3
LF:54
LH:54
end_of_record
SF:lib/domain/usecases/movie/get_top_rated_movies.dart
DA:9,1
DA:11,1
DA:12,2
LF:3
LH:3
end_of_record
SF:lib/domain/usecases/movie/save_watchlist.dart
DA:9,1
DA:11,1
DA:12,2
LF:3
LH:3
end_of_record
SF:lib/domain/usecases/movie/get_movie_detail.dart
DA:9,1
DA:11,1
DA:12,2
LF:3
LH:3
end_of_record
SF:lib/domain/usecases/movie/get_movie_recommendations.dart
DA:9,1
DA:11,1
DA:12,2
LF:3
LH:3
end_of_record
SF:lib/domain/usecases/movie/get_watchlist_movies.dart
DA:9,1
DA:11,1
DA:12,2
LF:3
LH:3
end_of_record
SF:lib/domain/usecases/movie/get_now_playing_movies.dart
DA:9,1
DA:11,1
DA:12,2
LF:3
LH:3
end_of_record
SF:lib/domain/usecases/movie/remove_watchlist.dart
DA:9,1
DA:11,1
DA:12,2
LF:3
LH:3
end_of_record
SF:lib/domain/usecases/movie/get_popular_movies.dart
DA:9,1
DA:11,1
DA:12,2
LF:3
LH:3
end_of_record
SF:lib/domain/usecases/movie/get_watchlist_status.dart
DA:6,1
DA:8,1
DA:9,2
LF:3
LH:3
end_of_record
SF:lib/domain/usecases/tv_series/get_tv_series_detail.dart
DA:9,1
DA:11,1
DA:12,2
LF:3
LH:3
end_of_record
SF:lib/domain/usecases/tv_series/save_watchlist_tv_series.dart
DA:9,1
DA:11,1
DA:12,2
LF:3
LH:3
end_of_record
SF:lib/domain/usecases/tv_series/get_tv_series_recommendations.dart
DA:9,1
DA:11,1
DA:12,2
LF:3
LH:3
end_of_record
SF:lib/domain/usecases/tv_series/get_watchlist_tv_series.dart
DA:9,1
DA:11,1
DA:12,2
LF:3
LH:3
end_of_record
SF:lib/domain/usecases/tv_series/get_now_playing_tv_series.dart
DA:9,1
DA:11,1
DA:12,2
LF:3
LH:3
end_of_record
SF:lib/domain/usecases/tv_series/remove_watchlist_tv_series.dart
DA:9,1
DA:11,1
DA:12,2
LF:3
LH:3
end_of_record
SF:lib/domain/usecases/tv_series/get_top_rated_tv_series.dart
DA:9,1
DA:11,1
DA:12,2
LF:3
LH:3
end_of_record
SF:lib/domain/usecases/tv_series/get_popular_tv_series.dart
DA:9,1
DA:11,1
DA:12,2
LF:3
LH:3
end_of_record
SF:lib/domain/usecases/tv_series/get_watchlist_status_tv_series.dart
DA:6,1
DA:8,1
DA:9,2
LF:3
LH:3
end_of_record
SF:lib/presentation/bloc/movie/movie_event.dart
DA:4,6
DA:6,0
DA:7,0
DA:21,2
DA:23,0
DA:24,0
DA:30,2
DA:32,0
DA:33,0
DA:42,2
DA:44,0
DA:45,0
DA:51,1
DA:53,0
DA:54,0
DA:60,2
DA:62,0
DA:63,0
LF:18
LH:6
end_of_record
SF:lib/presentation/bloc/movie/movie_bloc.dart
DA:22,3
DA:23,2
DA:24,2
DA:25,2
DA:26,1
DA:27,4
DA:28,3
DA:37,3
DA:38,2
DA:39,2
DA:40,2
DA:41,1
DA:42,4
DA:43,3
DA:52,3
DA:53,2
DA:54,2
DA:55,2
DA:56,1
DA:57,4
DA:58,3
DA:68,3
DA:69,2
DA:70,1
DA:71,2
DA:72,2
DA:73,1
DA:74,4
DA:75,3
DA:83,3
DA:84,1
DA:85,1
DA:86,1
DA:87,2
DA:88,2
DA:89,1
DA:90,4
DA:91,3
DA:108,1
DA:110,2
DA:111,1
DA:112,1
DA:113,2
DA:114,2
DA:115,1
DA:116,4
DA:117,3
DA:122,1
DA:123,1
DA:124,1
DA:125,2
DA:126,2
DA:127,2
DA:131,1
DA:132,1
DA:133,1
DA:134,2
DA:135,2
DA:136,1
DA:137,4
DA:138,3
DA:143,1
DA:144,1
DA:145,1
DA:146,2
DA:147,2
DA:148,1
DA:149,4
DA:150,3
LF:69
LH:69
end_of_record
SF:lib/presentation/bloc/movie/movie_state.dart
DA:4,9
DA:8,1
DA:9,1
DA:13,1
DA:14,1
DA:20,4
DA:22,1
DA:23,2
DA:30,4
DA:32,1
DA:33,2
DA:40,3
DA:42,1
DA:43,2
DA:49,2
DA:51,1
DA:52,2
DA:59,2
DA:61,1
DA:62,2
DA:68,3
DA:70,1
DA:71,2
DA:77,3
DA:79,1
DA:80,2
LF:26
LH:26
end_of_record
SF:lib/presentation/pages/movie/top_rated_movies_page.dart
DA:11,1
DA:13,1
DA:14,1
DA:18,1
DA:20,1
DA:21,1
DA:22,5
DA:25,1
DA:27,1
DA:28,1
DA:31,1
DA:33,1
DA:34,1
DA:35,1
DA:39,1
DA:40,1
DA:41,1
DA:42,2
DA:43,1
DA:45,2
DA:47,1
DA:48,1
DA:50,2
DA:52,0
DA:57,0
LF:25
LH:23
end_of_record
SF:lib/presentation/pages/movie/movie_detail_page.dart
DA:17,1
DA:19,1
DA:20,1
DA:24,1
DA:26,1
DA:27,2
DA:28,6
DA:29,1
DA:30,1
DA:31,4
DA:32,6
DA:36,1
DA:39,2
DA:40,2
DA:41,2
DA:43,1
DA:45,2
DA:46,2
DA:47,2
DA:51,1
DA:53,1
DA:54,1
DA:55,1
DA:59,1
DA:60,1
DA:61,1
DA:62,1
DA:65,0
DA:66,0
DA:67,0
DA:68,0
DA:71,0
DA:78,0
DA:79,0
DA:93,1
DA:96,1
DA:97,1
DA:101,1
DA:103,3
DA:104,1
DA:105,1
DA:106,1
DA:107,4
DA:109,1
DA:112,0
DA:114,1
DA:116,1
DA:117,1
DA:118,1
DA:128,1
DA:129,1
DA:130,1
DA:132,1
DA:134,1
DA:136,1
DA:137,1
DA:138,3
DA:139,1
DA:141,1
DA:142,1
DA:143,2
DA:145,1
DA:146,4
DA:149,0
DA:150,0
DA:156,1
DA:157,1
DA:159,1
DA:160,0
DA:161,0
DA:166,2
DA:172,1
DA:175,0
DA:178,1
DA:179,2
DA:180,1
DA:185,0
DA:187,0
DA:188,0
DA:189,0
DA:193,2
DA:194,2
DA:195,2
DA:198,1
DA:200,1
DA:201,2
DA:208,1
DA:209,4
DA:211,1
DA:212,4
DA:214,1
DA:215,1
DA:216,1
DA:217,4
DA:219,1
DA:225,5
DA:229,1
DA:231,1
DA:233,1
DA:234,3
DA:237,1
DA:239,1
DA:241,1
DA:242,1
DA:243,1
DA:247,1
DA:248,0
DA:249,1
DA:250,1
DA:252,1
DA:254,1
DA:256,3
DA:257,1
DA:259,1
DA:260,0
DA:261,0
DA:264,0
DA:267,1
DA:272,1
DA:274,2
DA:275,1
DA:281,0
DA:288,3
DA:292,1
DA:300,1
DA:302,1
DA:317,1
DA:319,1
DA:322,1
DA:324,0
DA:325,0
DA:334,1
DA:336,2
DA:337,3
DA:340,1
DA:344,3
DA:347,1
DA:348,1
DA:349,1
DA:351,1
DA:352,1
DA:354,0
LF:142
LH:117
end_of_record
SF:lib/presentation/widgets/movie_card_list.dart
DA:10,2
DA:12,2
DA:14,2
DA:16,2
DA:17,0
DA:18,0
DA:21,0
DA:24,2
DA:26,2
DA:27,2
DA:28,2
DA:34,2
DA:36,2
DA:37,2
DA:38,4
DA:41,2
DA:44,2
DA:45,4
DA:53,2
DA:58,2
DA:60,2
DA:61,6
DA:63,2
DA:66,0
LF:24
LH:20
end_of_record
SF:lib/presentation/pages/movie/home_movie_page.dart
DA:16,1
DA:18,1
DA:19,1
DA:23,1
DA:25,1
DA:26,1
DA:27,1
DA:28,4
DA:29,4
DA:30,4
DA:35,1
DA:37,1
DA:38,1
DA:39,1
DA:40,1
DA:48,1
DA:51,0
DA:52,0
DA:55,1
DA:58,0
DA:59,0
DA:62,1
DA:63,0
DA:64,0
DA:72,1
DA:74,1
DA:75,1
DA:76,0
DA:77,0
DA:83,1
DA:85,1
DA:86,1
DA:88,1
DA:89,1
DA:91,1
DA:93,1
DA:94,1
DA:95,1
DA:99,0
DA:100,0
DA:101,0
DA:102,0
DA:103,0
DA:105,0
DA:110,0
DA:114,1
DA:116,0
DA:117,0
DA:119,1
DA:120,1
DA:121,1
DA:125,1
DA:126,2
DA:127,0
DA:128,0
DA:129,0
DA:131,0
DA:136,0
DA:140,1
DA:142,0
DA:143,0
DA:145,1
DA:146,1
DA:147,1
DA:151,1
DA:152,2
DA:153,0
DA:154,0
DA:155,0
DA:157,0
DA:162,0
DA:173,1
DA:174,1
DA:176,1
DA:177,1
DA:179,1
DA:181,1
DA:183,1
DA:185,1
DA:198,1
DA:200,1
DA:202,1
DA:204,1
DA:206,1
DA:207,2
DA:208,1
DA:210,1
DA:211,0
DA:212,0
DA:215,0
DA:218,1
DA:220,1
DA:221,2
DA:222,1
DA:225,0
DA:231,2
LF:96
LH:63
end_of_record
SF:lib/common/utils.dart
DA:3,0
LF:1
LH:0
end_of_record
SF:lib/presentation/pages/movie/popular_movies_page.dart
DA:11,1
DA:13,1
DA:14,1
DA:18,1
DA:20,1
DA:21,1
DA:22,5
DA:26,1
DA:28,1
DA:29,1
DA:32,1
DA:34,1
DA:35,1
DA:36,1
DA:40,1
DA:41,1
DA:42,1
DA:43,2
DA:44,1
DA:46,2
DA:48,1
DA:49,1
DA:51,2
DA:53,0
DA:58,0
LF:25
LH:23
end_of_record
SF:lib/presentation/pages/movie/watchlist_movies_page.dart
DA:12,0
DA:14,0
DA:15,0
DA:20,0
DA:22,0
DA:23,0
DA:24,0
DA:27,0
DA:29,0
DA:30,0
DA:33,0
DA:35,0
DA:38,0
DA:40,0
DA:41,0
DA:44,0
DA:46,0
DA:47,0
DA:48,0
DA:52,0
DA:53,0
DA:54,0
DA:55,0
DA:56,0
DA:58,0
DA:60,0
DA:61,0
DA:63,0
DA:65,0
DA:70,0
DA:78,0
DA:80,0
DA:81,0
LF:33
LH:0
end_of_record
SF:lib/presentation/bloc/tv/tv_state.dart
DA:4,9
DA:8,1
DA:9,1
DA:13,1
DA:14,1
DA:20,4
DA:22,1
DA:23,2
DA:30,4
DA:32,1
DA:33,2
DA:40,2
DA:42,1
DA:43,2
DA:49,2
DA:51,1
DA:52,2
DA:59,2
DA:61,1
DA:62,2
DA:68,3
DA:70,1
DA:71,2
DA:77,3
DA:79,1
DA:80,2
LF:26
LH:26
end_of_record
SF:lib/presentation/bloc/tv/tv_event.dart
DA:4,6
DA:6,0
DA:7,0
DA:21,2
DA:23,0
DA:24,0
DA:30,2
DA:32,0
DA:33,0
DA:42,2
DA:44,0
DA:45,0
DA:51,1
DA:53,0
DA:54,0
DA:60,2
DA:62,0
DA:63,0
LF:18
LH:6
end_of_record
SF:lib/presentation/bloc/tv/tv_bloc.dart
DA:22,3
DA:23,2
DA:24,2
DA:25,2
DA:26,1
DA:27,4
DA:28,3
DA:37,3
DA:38,2
DA:39,2
DA:40,2
DA:41,1
DA:42,4
DA:43,3
DA:52,3
DA:53,2
DA:54,2
DA:55,2
DA:56,1
DA:57,4
DA:58,3
DA:68,3
DA:69,2
DA:70,1
DA:71,2
DA:72,2
DA:73,1
DA:74,4
DA:75,3
DA:83,3
DA:84,1
DA:85,1
DA:86,1
DA:87,2
DA:88,2
DA:89,1
DA:90,4
DA:91,3
DA:108,1
DA:110,2
DA:111,1
DA:112,1
DA:113,2
DA:114,2
DA:115,1
DA:116,4
DA:117,3
DA:122,1
DA:123,1
DA:124,1
DA:125,2
DA:126,2
DA:127,2
DA:131,1
DA:132,1
DA:133,1
DA:134,2
DA:135,2
DA:136,1
DA:137,4
DA:138,3
DA:143,1
DA:144,1
DA:145,1
DA:146,2
DA:147,2
DA:148,1
DA:149,4
DA:150,3
LF:69
LH:69
end_of_record
SF:lib/presentation/pages/tv_series/home_tv_series_page.dart
DA:19,1
DA:21,1
DA:22,1
DA:26,1
DA:28,1
DA:29,1
DA:30,1
DA:31,4
DA:32,4
DA:33,4
DA:38,1
DA:40,1
DA:41,1
DA:42,1
DA:43,1
DA:51,1
DA:54,0
DA:55,0
DA:58,1
DA:61,0
DA:62,0
DA:65,1
DA:66,0
DA:67,0
DA:75,1
DA:77,1
DA:78,1
DA:79,0
DA:80,0
DA:86,1
DA:88,1
DA:89,1
DA:91,1
DA:92,1
DA:94,1
DA:96,1
DA:97,1
DA:98,1
DA:102,0
DA:103,0
DA:104,0
DA:105,0
DA:106,0
DA:108,0
DA:113,0
DA:117,1
DA:119,0
DA:120,0
DA:122,1
DA:123,1
DA:124,1
DA:128,1
DA:129,2
DA:130,0
DA:131,0
DA:132,0
DA:134,0
DA:139,0
DA:143,1
DA:145,0
DA:148,1
DA:149,1
DA:150,1
DA:154,1
DA:155,2
DA:156,0
DA:157,0
DA:158,0
DA:160,0
DA:165,0
DA:176,1
DA:177,1
DA:179,1
DA:180,1
DA:182,1
DA:184,1
DA:186,1
DA:188,1
DA:201,1
DA:203,1
DA:205,1
DA:207,1
DA:209,1
DA:210,2
DA:211,1
DA:213,1
DA:214,0
DA:215,0
DA:218,0
DA:221,1
DA:223,1
DA:224,2
DA:225,1
DA:228,0
DA:234,2
LF:95
LH:63
end_of_record
SF:lib/presentation/widgets/tv_series_card_list.dart
DA:10,2
DA:12,2
DA:14,2
DA:16,2
DA:17,0
DA:18,0
DA:21,0
DA:24,2
DA:26,2
DA:27,2
DA:28,2
DA:34,2
DA:36,2
DA:37,2
DA:38,4
DA:41,2
DA:44,6
DA:45,2
DA:46,4
DA:57,2
DA:62,2
DA:64,2
DA:65,6
DA:67,2
DA:70,0
LF:25
LH:21
end_of_record
SF:lib/presentation/pages/tv_series/popular_tv_series_page.dart
DA:11,1
DA:13,1
DA:14,1
DA:18,1
DA:20,1
DA:21,6
DA:24,1
DA:26,1
DA:27,1
DA:30,1
DA:32,1
DA:33,1
DA:34,1
DA:38,1
DA:39,1
DA:40,1
DA:41,2
DA:42,1
DA:44,2
DA:46,1
DA:47,1
DA:49,2
DA:51,0
DA:56,0
LF:24
LH:22
end_of_record
SF:lib/presentation/pages/tv_series/top_rated_tv_series_page.dart
DA:11,1
DA:13,1
DA:14,1
DA:18,1
DA:20,1
DA:21,6
DA:24,1
DA:26,1
DA:27,1
DA:30,1
DA:32,1
DA:33,1
DA:34,1
DA:38,1
DA:39,1
DA:40,1
DA:41,2
DA:42,1
DA:44,2
DA:46,1
DA:47,1
DA:49,2
DA:51,0
DA:56,0
LF:24
LH:22
end_of_record
SF:lib/presentation/pages/tv_series/tv_series_detail_page.dart
DA:17,1
DA:19,1
DA:20,1
DA:24,1
DA:26,1
DA:27,2
DA:28,6
DA:29,6
DA:30,6
DA:34,1
DA:37,2
DA:38,2
DA:39,2
DA:41,1
DA:43,2
DA:44,2
DA:45,2
DA:49,1
DA:51,1
DA:52,1
DA:53,1
DA:57,1
DA:58,1
DA:59,1
DA:60,1
DA:62,0
DA:63,0
DA:64,0
DA:65,0
DA:68,0
DA:75,0
DA:76,0
DA:90,1
DA:93,1
DA:94,1
DA:98,1
DA:100,3
DA:101,1
DA:102,1
DA:103,1
DA:105,4
DA:107,1
DA:110,0
DA:112,1
DA:114,1
DA:115,1
DA:116,1
DA:126,1
DA:127,1
DA:128,1
DA:130,1
DA:132,1
DA:134,1
DA:135,1
DA:136,3
DA:137,1
DA:139,1
DA:140,1
DA:141,2
DA:143,1
DA:144,4
DA:147,0
DA:148,0
DA:154,1
DA:155,1
DA:157,1
DA:158,0
DA:159,0
DA:165,2
DA:172,1
DA:175,0
DA:178,1
DA:179,2
DA:180,1
DA:185,0
DA:187,0
DA:188,0
DA:189,0
DA:193,2
DA:194,2
DA:195,2
DA:198,1
DA:200,1
DA:201,2
DA:208,1
DA:209,4
DA:211,5
DA:212,1
DA:213,4
DA:214,1
DA:215,1
DA:216,1
DA:217,4
DA:219,1
DA:225,5
DA:229,1
DA:231,1
DA:233,1
DA:234,4
DA:235,3
DA:239,1
DA:241,1
DA:243,1
DA:244,1
DA:245,1
DA:249,1
DA:250,0
DA:251,1
DA:252,1
DA:254,1
DA:256,1
DA:258,3
DA:259,1
DA:261,1
DA:262,0
DA:263,0
DA:266,0
DA:269,1
DA:274,1
DA:276,2
DA:277,1
DA:283,0
DA:290,3
DA:294,1
DA:302,1
DA:304,1
DA:317,1
DA:319,1
DA:322,1
DA:324,0
DA:325,0
DA:334,1
DA:336,2
DA:337,3
DA:340,1
DA:344,3
LF:136
LH:112
end_of_record
SF:lib/presentation/pages/tv_series/watlist_tv_series_page.dart
DA:12,0
DA:14,0
DA:15,0
DA:20,0
DA:22,0
DA:23,0
DA:24,0
DA:27,0
DA:29,0
DA:30,0
DA:33,0
DA:35,0
DA:38,0
DA:40,0
DA:41,0
DA:44,0
DA:46,0
DA:47,0
DA:48,0
DA:52,0
DA:53,0
DA:54,0
DA:55,0
DA:56,0
DA:58,0
DA:60,0
DA:61,0
DA:63,0
DA:65,0
DA:70,0
DA:78,0
DA:80,0
DA:81,0
LF:33
LH:0
end_of_record
